<?xml version="1.0" encoding="UTF-8"?>
<coverage generated="1610627316301" clover="3.2.0">
  <project timestamp="1610627316301" name="All files">
    <metrics statements="8" coveredstatements="8" conditionals="0" coveredconditionals="0" methods="1" coveredmethods="1" elements="9" coveredelements="9" complexity="0" loc="8" ncloc="8" packages="1" files="1" classes="1"/>
    <file name="Bag.js" path="C:\Users\Fox-t\Documents\Repose\Week1 abc\Day2\Bag.js">
      <metrics statements="8" coveredstatements="8" conditionals="0" coveredconditionals="0" methods="1" coveredmethods="1"/>
      <line num="4" count="1" type="stmt"/>
      <line num="5" count="1" type="stmt"/>
      <line num="16" count="1" type="stmt"/>
      <line num="17" count="1" type="stmt"/>
      <line num="18" count="1" type="stmt"/>
      <line num="19" count="1" type="stmt"/>
      <line num="20" count="1" type="stmt"/>
      <line num="24" count="1" type="stmt"/>
    </file>
  </project>
</coverage>
